SF:lib/src/controlled_subtree.dart
DA:12,0
DA:15,0
DA:17,0
DA:18,0
DA:22,0
DA:23,0
DA:24,0
DA:27,0
DA:28,0
DA:29,0
DA:42,0
DA:43,0
DA:45,0
DA:46,0
DA:52,0
DA:54,0
DA:55,0
DA:57,0
DA:59,0
DA:60,0
DA:63,0
DA:65,0
DA:67,0
DA:68,0
DA:69,0
DA:73,0
DA:75,0
DA:77,0
DA:80,0
DA:82,0
LF:30
LH:0
end_of_record
SF:lib/src/subtree_model.dart
DA:16,0
DA:17,0
DA:20,0
DA:21,0
DA:25,0
DA:26,0
DA:29,0
DA:31,0
DA:34,0
DA:36,0
DA:39,0
DA:41,0
DA:45,0
DA:50,0
DA:52,0
DA:57,0
DA:58,0
DA:61,0
DA:62,0
DA:65,0
DA:66,0
DA:69,0
DA:70,0
DA:72,0
DA:74,0
DA:81,0
DA:83,0
DA:85,0
LF:28
LH:0
end_of_record
SF:lib/src/event_notifier.dart
DA:5,0
DA:6,0
DA:14,0
DA:16,0
DA:17,0
DA:18,0
DA:23,0
DA:24,0
DA:25,0
DA:27,0
DA:29,0
DA:32,0
DA:33,0
DA:34,0
DA:37,0
LF:15
LH:0
end_of_record
