SF:lib/src/controlled_subtree.dart
DA:11,4
DA:13,6
DA:14,2
DA:18,1
DA:19,1
DA:20,2
DA:23,1
DA:24,1
DA:25,2
DA:38,4
DA:39,4
DA:41,4
DA:42,4
DA:48,4
DA:50,4
DA:51,4
DA:52,16
DA:55,1
DA:57,1
DA:58,1
DA:60,4
DA:61,2
DA:62,4
DA:66,4
DA:68,8
DA:70,4
DA:73,4
DA:75,20
LF:28
LH:28
end_of_record
SF:lib/src/subtree_model.dart
DA:15,4
DA:16,8
DA:20,3
DA:21,6
DA:24,2
DA:25,4
DA:28,4
DA:30,8
DA:33,3
DA:35,6
DA:38,2
DA:40,4
DA:49,4
DA:51,1
DA:53,3
DA:56,3
DA:57,9
DA:60,2
DA:61,6
DA:64,1
DA:65,3
DA:68,4
DA:69,4
DA:71,1
DA:82,6
DA:84,4
DA:86,2
LF:27
LH:27
end_of_record
SF:lib/src/event_notifier.dart
DA:5,2
DA:6,2
DA:14,2
DA:16,2
DA:17,4
DA:18,4
DA:23,1
DA:24,2
DA:25,1
DA:27,1
DA:29,1
DA:32,1
DA:33,2
DA:34,1
DA:37,1
LF:15
LH:15
end_of_record
SF:lib/src/container.dart
DA:2,5
DA:4,5
DA:5,10
DA:6,2
DA:8,3
DA:12,10
DA:16,5
DA:17,10
DA:19,2
DA:21,2
LF:10
LH:10
end_of_record
SF:lib/src/obx.dart
DA:17,4
DA:19,4
DA:20,4
DA:26,4
DA:28,8
DA:31,4
DA:32,4
DA:33,8
DA:37,3
DA:39,6
DA:40,6
DA:41,6
DA:43,3
DA:46,1
DA:48,2
DA:51,1
DA:52,2
DA:53,1
DA:55,1
DA:57,2
DA:58,1
DA:63,4
DA:65,7
DA:66,6
DA:69,4
DA:80,4
DA:82,4
DA:83,8
DA:89,1
DA:91,1
DA:92,3
LF:31
LH:31
end_of_record
SF:lib/src/reactive_block.dart
DA:6,1
DA:7,1
DA:10,1
DA:11,2
DA:14,1
DA:16,2
DA:17,2
DA:18,2
DA:20,1
DA:23,1
DA:24,2
DA:25,2
LF:12
LH:12
end_of_record
SF:lib/src/rx.dart
DA:6,5
DA:10,5
DA:11,10
DA:14,5
DA:15,5
DA:18,5
DA:20,5
DA:23,1
DA:24,2
DA:25,1
DA:28,1
DA:29,1
DA:34,1
DA:35,1
DA:40,1
DA:41,2
DA:44,2
DA:45,1
DA:48,1
DA:50,1
DA:53,1
DA:54,2
DA:55,1
DA:58,1
DA:59,1
LF:25
LH:25
end_of_record
